2024-03-17 18:05:41.899 +05:00 [INF] Now listening on: https://localhost:7016
2024-03-17 18:05:41.931 +05:00 [INF] Now listening on: http://localhost:5164
2024-03-17 18:05:41.933 +05:00 [INF] Application started. Press Ctrl+C to shut down.
2024-03-17 18:05:41.933 +05:00 [INF] Hosting environment: Development
2024-03-17 18:05:41.933 +05:00 [INF] Content root path: D:\Evacuation\55 - dars ILoggerExample (malumotni Consolga chiqarish)\AutoSalon.Api
2024-03-17 18:05:42.627 +05:00 [INF] Request starting HTTP/2 GET https://localhost:7016/swagger/index.html - null null
2024-03-17 18:05:42.954 +05:00 [INF] Request finished HTTP/2 GET https://localhost:7016/swagger/index.html - 200 null text/html;charset=utf-8 329.6035ms
2024-03-17 18:05:43.062 +05:00 [INF] Request starting HTTP/2 GET https://localhost:7016/_framework/aspnetcore-browser-refresh.js - null null
2024-03-17 18:05:43.070 +05:00 [INF] Request finished HTTP/2 GET https://localhost:7016/_framework/aspnetcore-browser-refresh.js - 200 13761 application/javascript; charset=utf-8 7.7809ms
2024-03-17 18:05:43.079 +05:00 [INF] Request starting HTTP/2 GET https://localhost:7016/_vs/browserLink - null null
2024-03-17 18:05:43.144 +05:00 [INF] Request finished HTTP/2 GET https://localhost:7016/_vs/browserLink - 200 null text/javascript; charset=UTF-8 64.0634ms
2024-03-17 18:05:45.306 +05:00 [INF] Request starting HTTP/2 GET https://localhost:7016/swagger/v1/swagger.json - null null
2024-03-17 18:05:45.403 +05:00 [INF] Request finished HTTP/2 GET https://localhost:7016/swagger/v1/swagger.json - 200 null application/json;charset=utf-8 96.4824ms
2024-03-17 18:05:51.110 +05:00 [INF] Request starting HTTP/2 GET https://localhost:7016/api/Car/GetAll - null null
2024-03-17 18:05:51.128 +05:00 [INF] Executing endpoint 'AutoSalon.Api.Controllers.CarController.GetAll (AutoSalon.Api)'
2024-03-17 18:05:51.165 +05:00 [INF] Route matched with {action = "GetAll", controller = "Car"}. Executing controller action with signature System.Collections.Generic.IEnumerable`1[AutoSalon.Domain.Entities.Models.Car] GetAll() on controller AutoSalon.Api.Controllers.CarController (AutoSalon.Api).
2024-03-17 18:05:52.513 +05:00 [INF] GetAll muvaffaiyatli ishladi
2024-03-17 18:05:53.234 +05:00 [INF] Executed DbCommand (41ms) [Parameters=[], CommandType='"Text"', CommandTimeout='30']
SELECT c."Id", c."BrandName", c."CarName", c."Price", c."Rating"
FROM "Cars" AS c
2024-03-17 18:05:53.414 +05:00 [INF] Executing ObjectResult, writing value of type 'System.Collections.Generic.List`1[[AutoSalon.Domain.Entities.Models.Car, AutoSalon.Domain, Version=1.0.0.0, Culture=neutral, PublicKeyToken=null]]'.
2024-03-17 18:05:53.442 +05:00 [INF] Executed action AutoSalon.Api.Controllers.CarController.GetAll (AutoSalon.Api) in 2270.4029ms
2024-03-17 18:05:53.442 +05:00 [INF] Executed endpoint 'AutoSalon.Api.Controllers.CarController.GetAll (AutoSalon.Api)'
2024-03-17 18:05:53.454 +05:00 [INF] Request finished HTTP/2 GET https://localhost:7016/api/Car/GetAll - 200 null application/json; charset=utf-8 2343.9116ms
2024-03-17 18:23:23.957 +05:00 [INF] Now listening on: https://localhost:7016
2024-03-17 18:23:23.989 +05:00 [INF] Now listening on: http://localhost:5164
2024-03-17 18:23:23.992 +05:00 [INF] Application started. Press Ctrl+C to shut down.
2024-03-17 18:23:23.993 +05:00 [INF] Hosting environment: Development
2024-03-17 18:23:23.993 +05:00 [INF] Content root path: D:\Evacuation\55 - dars ILoggerExample (malumotni Consolga chiqarish)\AutoSalon.Api
2024-03-17 18:23:24.059 +05:00 [INF] Request starting HTTP/2 GET https://localhost:7016/swagger/v1/swagger.json - null null
2024-03-17 18:23:24.176 +05:00 [INF] Request finished HTTP/2 GET https://localhost:7016/swagger/v1/swagger.json - 200 null application/json;charset=utf-8 117.5699ms
2024-03-17 18:23:24.346 +05:00 [INF] Request starting HTTP/2 GET https://localhost:7016/swagger/index.html - null null
2024-03-17 18:23:24.659 +05:00 [INF] Request finished HTTP/2 GET https://localhost:7016/swagger/index.html - 200 null text/html;charset=utf-8 312.2899ms
2024-03-17 18:23:24.671 +05:00 [INF] Request starting HTTP/2 GET https://localhost:7016/_framework/aspnetcore-browser-refresh.js - null null
2024-03-17 18:23:24.671 +05:00 [INF] Request starting HTTP/2 GET https://localhost:7016/_vs/browserLink - null null
2024-03-17 18:23:24.679 +05:00 [INF] Request finished HTTP/2 GET https://localhost:7016/_framework/aspnetcore-browser-refresh.js - 200 13761 application/javascript; charset=utf-8 7.8363ms
2024-03-17 18:23:24.718 +05:00 [INF] Request finished HTTP/2 GET https://localhost:7016/_vs/browserLink - 200 null text/javascript; charset=UTF-8 46.651ms
2024-03-17 18:23:24.784 +05:00 [INF] Request starting HTTP/2 GET https://localhost:7016/swagger/v1/swagger.json - null null
2024-03-17 18:23:24.792 +05:00 [INF] Request finished HTTP/2 GET https://localhost:7016/swagger/v1/swagger.json - 200 null application/json;charset=utf-8 8.2396ms
2024-03-17 18:23:29.525 +05:00 [INF] Request starting HTTP/2 GET https://localhost:7016/api/Car/GetAll - null null
2024-03-17 18:23:29.539 +05:00 [INF] Executing endpoint 'AutoSalon.Api.Controllers.CarController.GetAll (AutoSalon.Api)'
2024-03-17 18:23:29.563 +05:00 [INF] Route matched with {action = "GetAll", controller = "Car"}. Executing controller action with signature System.Collections.Generic.IEnumerable`1[AutoSalon.Domain.Entities.Models.Car] GetAll() on controller AutoSalon.Api.Controllers.CarController (AutoSalon.Api).
2024-03-17 18:23:30.227 +05:00 [INF] GetAll muvaffaiyatli ishladi
2024-03-17 18:23:30.663 +05:00 [INF] Executed DbCommand (25ms) [Parameters=[], CommandType='"Text"', CommandTimeout='30']
SELECT c."Id", c."BrandName", c."CarName", c."Price", c."Rating"
FROM "Cars" AS c
2024-03-17 18:23:30.791 +05:00 [INF] Executing ObjectResult, writing value of type 'System.Collections.Generic.List`1[[AutoSalon.Domain.Entities.Models.Car, AutoSalon.Domain, Version=1.0.0.0, Culture=neutral, PublicKeyToken=null]]'.
2024-03-17 18:23:30.811 +05:00 [INF] Executed action AutoSalon.Api.Controllers.CarController.GetAll (AutoSalon.Api) in 1243.1487ms
2024-03-17 18:23:30.811 +05:00 [INF] Executed endpoint 'AutoSalon.Api.Controllers.CarController.GetAll (AutoSalon.Api)'
2024-03-17 18:23:30.823 +05:00 [INF] Request finished HTTP/2 GET https://localhost:7016/api/Car/GetAll - 200 null application/json; charset=utf-8 1298.0385ms
2024-03-17 18:25:06.788 +05:00 [INF] Now listening on: https://localhost:7016
2024-03-17 18:25:06.822 +05:00 [INF] Now listening on: http://localhost:5164
2024-03-17 18:25:06.827 +05:00 [INF] Application started. Press Ctrl+C to shut down.
2024-03-17 18:25:06.828 +05:00 [INF] Hosting environment: Development
2024-03-17 18:25:06.828 +05:00 [INF] Content root path: D:\Evacuation\55 - dars ILoggerExample (malumotni Consolga chiqarish)\AutoSalon.Api
2024-03-17 18:25:07.111 +05:00 [INF] Request starting HTTP/2 GET https://localhost:7016/swagger/index.html - null null
2024-03-17 18:25:07.323 +05:00 [INF] Request finished HTTP/2 GET https://localhost:7016/swagger/index.html - 200 null text/html;charset=utf-8 215.1297ms
2024-03-17 18:25:07.372 +05:00 [INF] Request starting HTTP/2 GET https://localhost:7016/_framework/aspnetcore-browser-refresh.js - null null
2024-03-17 18:25:07.373 +05:00 [INF] Request starting HTTP/2 GET https://localhost:7016/_vs/browserLink - null null
2024-03-17 18:25:07.376 +05:00 [INF] Request finished HTTP/2 GET https://localhost:7016/_framework/aspnetcore-browser-refresh.js - 200 13761 application/javascript; charset=utf-8 4.9135ms
2024-03-17 18:25:07.405 +05:00 [INF] Request finished HTTP/2 GET https://localhost:7016/_vs/browserLink - 200 null text/javascript; charset=UTF-8 31.4568ms
2024-03-17 18:25:07.504 +05:00 [INF] Request starting HTTP/2 GET https://localhost:7016/swagger/v1/swagger.json - null null
2024-03-17 18:25:07.621 +05:00 [INF] Request finished HTTP/2 GET https://localhost:7016/swagger/v1/swagger.json - 200 null application/json;charset=utf-8 117.1481ms
2024-03-17 18:25:12.650 +05:00 [INF] Request starting HTTP/2 GET https://localhost:7016/api/Car/GetAll - null null
2024-03-17 18:25:12.663 +05:00 [INF] Executing endpoint 'AutoSalon.Api.Controllers.CarController.GetAll (AutoSalon.Api)'
2024-03-17 18:25:12.679 +05:00 [INF] Route matched with {action = "GetAll", controller = "Car"}. Executing controller action with signature System.Collections.Generic.IEnumerable`1[AutoSalon.Domain.Entities.Models.Car] GetAll() on controller AutoSalon.Api.Controllers.CarController (AutoSalon.Api).
2024-03-17 18:25:13.178 +05:00 [INF] GetAll muvaffaiyatli ishladi
2024-03-17 18:25:13.554 +05:00 [INF] Executed DbCommand (25ms) [Parameters=[], CommandType='"Text"', CommandTimeout='30']
SELECT c."Id", c."BrandName", c."CarName", c."Price", c."Rating"
FROM "Cars" AS c
2024-03-17 18:25:13.668 +05:00 [INF] Executing ObjectResult, writing value of type 'System.Collections.Generic.List`1[[AutoSalon.Domain.Entities.Models.Car, AutoSalon.Domain, Version=1.0.0.0, Culture=neutral, PublicKeyToken=null]]'.
2024-03-17 18:25:13.688 +05:00 [INF] Executed action AutoSalon.Api.Controllers.CarController.GetAll (AutoSalon.Api) in 1003.7452ms
2024-03-17 18:25:13.689 +05:00 [INF] Executed endpoint 'AutoSalon.Api.Controllers.CarController.GetAll (AutoSalon.Api)'
2024-03-17 18:25:13.704 +05:00 [INF] Request finished HTTP/2 GET https://localhost:7016/api/Car/GetAll - 200 null application/json; charset=utf-8 1053.9969ms
{"@t":"2024-03-17T13:33:10.3489691Z","@mt":"Now listening on: {address}","address":"https://localhost:7016","EventId":{"Id":14,"Name":"ListeningOnAddress"},"SourceContext":"Microsoft.Hosting.Lifetime"}
{"@t":"2024-03-17T13:33:10.3733879Z","@mt":"Now listening on: {address}","address":"http://localhost:5164","EventId":{"Id":14,"Name":"ListeningOnAddress"},"SourceContext":"Microsoft.Hosting.Lifetime"}
{"@t":"2024-03-17T13:33:10.3805813Z","@mt":"Application started. Press Ctrl+C to shut down.","SourceContext":"Microsoft.Hosting.Lifetime"}
{"@t":"2024-03-17T13:33:10.3811720Z","@mt":"Hosting environment: {EnvName}","EnvName":"Development","SourceContext":"Microsoft.Hosting.Lifetime"}
{"@t":"2024-03-17T13:33:10.3812729Z","@mt":"Content root path: {ContentRoot}","ContentRoot":"D:\\Evacuation\\55 - dars ILoggerExample (malumotni Consolga chiqarish)\\AutoSalon.Api","SourceContext":"Microsoft.Hosting.Lifetime"}
{"@t":"2024-03-17T13:33:10.8438011Z","@mt":"Request starting {Protocol} {Method} {Scheme}://{Host}{PathBase}{Path}{QueryString} - {ContentType} {ContentLength}","@tr":"756c3fe692fe06e023638430b495215a","@sp":"e9ea11a80b6899dc","Protocol":"HTTP/2","Method":"GET","ContentType":null,"ContentLength":null,"Scheme":"https","Host":"localhost:7016","PathBase":"","Path":"/swagger/index.html","QueryString":"","EventId":{"Id":1},"SourceContext":"Microsoft.AspNetCore.Hosting.Diagnostics","RequestId":"0HN26GR4V3922:00000001","RequestPath":"/swagger/index.html","ConnectionId":"0HN26GR4V3922"}
{"@t":"2024-03-17T13:33:11.0635668Z","@mt":"Request finished {Protocol} {Method} {Scheme}://{Host}{PathBase}{Path}{QueryString} - {StatusCode} {ContentLength} {ContentType} {ElapsedMilliseconds}ms","@tr":"756c3fe692fe06e023638430b495215a","@sp":"e9ea11a80b6899dc","ElapsedMilliseconds":221.317,"StatusCode":200,"ContentType":"text/html;charset=utf-8","ContentLength":null,"Protocol":"HTTP/2","Method":"GET","Scheme":"https","Host":"localhost:7016","PathBase":"","Path":"/swagger/index.html","QueryString":"","EventId":{"Id":2},"SourceContext":"Microsoft.AspNetCore.Hosting.Diagnostics","RequestId":"0HN26GR4V3922:00000001","RequestPath":"/swagger/index.html","ConnectionId":"0HN26GR4V3922"}
{"@t":"2024-03-17T13:33:11.0815262Z","@mt":"Request starting {Protocol} {Method} {Scheme}://{Host}{PathBase}{Path}{QueryString} - {ContentType} {ContentLength}","@tr":"972e0231d980e58d2779b328d784ff54","@sp":"09cbb874d2ac6334","Protocol":"HTTP/2","Method":"GET","ContentType":null,"ContentLength":null,"Scheme":"https","Host":"localhost:7016","PathBase":"","Path":"/_framework/aspnetcore-browser-refresh.js","QueryString":"","EventId":{"Id":1},"SourceContext":"Microsoft.AspNetCore.Hosting.Diagnostics","RequestId":"0HN26GR4V3922:00000003","RequestPath":"/_framework/aspnetcore-browser-refresh.js","ConnectionId":"0HN26GR4V3922"}
{"@t":"2024-03-17T13:33:11.0815260Z","@mt":"Request starting {Protocol} {Method} {Scheme}://{Host}{PathBase}{Path}{QueryString} - {ContentType} {ContentLength}","@tr":"c0d6c163bcb92388b79f7a503a9c4cb1","@sp":"cf59bc1c00c3b0c5","Protocol":"HTTP/2","Method":"GET","ContentType":null,"ContentLength":null,"Scheme":"https","Host":"localhost:7016","PathBase":"","Path":"/_vs/browserLink","QueryString":"","EventId":{"Id":1},"SourceContext":"Microsoft.AspNetCore.Hosting.Diagnostics","RequestId":"0HN26GR4V3922:00000005","RequestPath":"/_vs/browserLink","ConnectionId":"0HN26GR4V3922"}
{"@t":"2024-03-17T13:33:11.0860911Z","@mt":"Request finished {Protocol} {Method} {Scheme}://{Host}{PathBase}{Path}{QueryString} - {StatusCode} {ContentLength} {ContentType} {ElapsedMilliseconds}ms","@tr":"972e0231d980e58d2779b328d784ff54","@sp":"09cbb874d2ac6334","ElapsedMilliseconds":4.5358,"StatusCode":200,"ContentType":"application/javascript; charset=utf-8","ContentLength":13761,"Protocol":"HTTP/2","Method":"GET","Scheme":"https","Host":"localhost:7016","PathBase":"","Path":"/_framework/aspnetcore-browser-refresh.js","QueryString":"","EventId":{"Id":2},"SourceContext":"Microsoft.AspNetCore.Hosting.Diagnostics","RequestId":"0HN26GR4V3922:00000003","RequestPath":"/_framework/aspnetcore-browser-refresh.js","ConnectionId":"0HN26GR4V3922"}
{"@t":"2024-03-17T13:33:11.1132491Z","@mt":"Request finished {Protocol} {Method} {Scheme}://{Host}{PathBase}{Path}{QueryString} - {StatusCode} {ContentLength} {ContentType} {ElapsedMilliseconds}ms","@tr":"c0d6c163bcb92388b79f7a503a9c4cb1","@sp":"cf59bc1c00c3b0c5","ElapsedMilliseconds":31.7053,"StatusCode":200,"ContentType":"text/javascript; charset=UTF-8","ContentLength":null,"Protocol":"HTTP/2","Method":"GET","Scheme":"https","Host":"localhost:7016","PathBase":"","Path":"/_vs/browserLink","QueryString":"","EventId":{"Id":2},"SourceContext":"Microsoft.AspNetCore.Hosting.Diagnostics","RequestId":"0HN26GR4V3922:00000005","RequestPath":"/_vs/browserLink","ConnectionId":"0HN26GR4V3922"}
{"@t":"2024-03-17T13:33:11.2211218Z","@mt":"Request starting {Protocol} {Method} {Scheme}://{Host}{PathBase}{Path}{QueryString} - {ContentType} {ContentLength}","@tr":"ded2f34cdb265625a22b5bb477578dc6","@sp":"3b62285c387e7625","Protocol":"HTTP/2","Method":"GET","ContentType":null,"ContentLength":null,"Scheme":"https","Host":"localhost:7016","PathBase":"","Path":"/swagger/v1/swagger.json","QueryString":"","EventId":{"Id":1},"SourceContext":"Microsoft.AspNetCore.Hosting.Diagnostics","RequestId":"0HN26GR4V3922:00000007","RequestPath":"/swagger/v1/swagger.json","ConnectionId":"0HN26GR4V3922"}
{"@t":"2024-03-17T13:33:11.3046654Z","@mt":"Request finished {Protocol} {Method} {Scheme}://{Host}{PathBase}{Path}{QueryString} - {StatusCode} {ContentLength} {ContentType} {ElapsedMilliseconds}ms","@tr":"ded2f34cdb265625a22b5bb477578dc6","@sp":"3b62285c387e7625","ElapsedMilliseconds":83.4748,"StatusCode":200,"ContentType":"application/json;charset=utf-8","ContentLength":null,"Protocol":"HTTP/2","Method":"GET","Scheme":"https","Host":"localhost:7016","PathBase":"","Path":"/swagger/v1/swagger.json","QueryString":"","EventId":{"Id":2},"SourceContext":"Microsoft.AspNetCore.Hosting.Diagnostics","RequestId":"0HN26GR4V3922:00000007","RequestPath":"/swagger/v1/swagger.json","ConnectionId":"0HN26GR4V3922"}
{"@t":"2024-03-17T13:33:19.5766155Z","@mt":"Request starting {Protocol} {Method} {Scheme}://{Host}{PathBase}{Path}{QueryString} - {ContentType} {ContentLength}","@tr":"875955d7828e7d0a7342666beb425475","@sp":"aeda2b75143ccb37","Protocol":"HTTP/2","Method":"GET","ContentType":null,"ContentLength":null,"Scheme":"https","Host":"localhost:7016","PathBase":"","Path":"/api/Car/GetAll","QueryString":"","EventId":{"Id":1},"SourceContext":"Microsoft.AspNetCore.Hosting.Diagnostics","RequestId":"0HN26GR4V3923:00000001","RequestPath":"/api/Car/GetAll","ConnectionId":"0HN26GR4V3923"}
{"@t":"2024-03-17T13:33:19.5936536Z","@mt":"Executing endpoint '{EndpointName}'","@tr":"875955d7828e7d0a7342666beb425475","@sp":"aeda2b75143ccb37","EndpointName":"AutoSalon.Api.Controllers.CarController.GetAll (AutoSalon.Api)","EventId":{"Name":"ExecutingEndpoint"},"SourceContext":"Microsoft.AspNetCore.Routing.EndpointMiddleware","RequestId":"0HN26GR4V3923:00000001","RequestPath":"/api/Car/GetAll","ConnectionId":"0HN26GR4V3923"}
{"@t":"2024-03-17T13:33:19.6127756Z","@mt":"Route matched with {RouteData}. Executing controller action with signature {MethodInfo} on controller {Controller} ({AssemblyName}).","@tr":"875955d7828e7d0a7342666beb425475","@sp":"aeda2b75143ccb37","RouteData":"{action = \"GetAll\", controller = \"Car\"}","MethodInfo":"System.Collections.Generic.IEnumerable`1[AutoSalon.Domain.Entities.Models.Car] GetAll()","Controller":"AutoSalon.Api.Controllers.CarController","AssemblyName":"AutoSalon.Api","EventId":{"Id":102,"Name":"ControllerActionExecuting"},"SourceContext":"Microsoft.AspNetCore.Mvc.Infrastructure.ControllerActionInvoker","ActionId":"7a011497-c802-48ba-94da-278cfc05a0d0","ActionName":"AutoSalon.Api.Controllers.CarController.GetAll (AutoSalon.Api)","RequestId":"0HN26GR4V3923:00000001","RequestPath":"/api/Car/GetAll","ConnectionId":"0HN26GR4V3923"}
{"@t":"2024-03-17T13:33:20.6723411Z","@mt":"GetAll muvaffaiyatli ishladi","@tr":"875955d7828e7d0a7342666beb425475","@sp":"aeda2b75143ccb37","SourceContext":"AutoSalon.Application.Services.CarService","ActionId":"7a011497-c802-48ba-94da-278cfc05a0d0","ActionName":"AutoSalon.Api.Controllers.CarController.GetAll (AutoSalon.Api)","RequestId":"0HN26GR4V3923:00000001","RequestPath":"/api/Car/GetAll","ConnectionId":"0HN26GR4V3923"}
{"@t":"2024-03-17T13:33:21.2652744Z","@mt":"Executed DbCommand ({elapsed}ms) [Parameters=[{parameters}], CommandType='{commandType}', CommandTimeout='{commandTimeout}']{newLine}{commandText}","@tr":"875955d7828e7d0a7342666beb425475","@sp":"aeda2b75143ccb37","elapsed":"33","parameters":"","commandType":"Text","commandTimeout":30,"newLine":"\r\n","commandText":"SELECT c.\"Id\", c.\"BrandName\", c.\"CarName\", c.\"Price\", c.\"Rating\"\r\nFROM \"Cars\" AS c","EventId":{"Id":20101,"Name":"Microsoft.EntityFrameworkCore.Database.Command.CommandExecuted"},"SourceContext":"Microsoft.EntityFrameworkCore.Database.Command","ActionId":"7a011497-c802-48ba-94da-278cfc05a0d0","ActionName":"AutoSalon.Api.Controllers.CarController.GetAll (AutoSalon.Api)","RequestId":"0HN26GR4V3923:00000001","RequestPath":"/api/Car/GetAll","ConnectionId":"0HN26GR4V3923"}
{"@t":"2024-03-17T13:33:21.4216397Z","@mt":"Executing {ObjectResultType}, writing value of type '{Type}'.","@tr":"875955d7828e7d0a7342666beb425475","@sp":"aeda2b75143ccb37","ObjectResultType":"ObjectResult","Type":"System.Collections.Generic.List`1[[AutoSalon.Domain.Entities.Models.Car, AutoSalon.Domain, Version=1.0.0.0, Culture=neutral, PublicKeyToken=null]]","EventId":{"Id":1,"Name":"ObjectResultExecuting"},"SourceContext":"Microsoft.AspNetCore.Mvc.Infrastructure.ObjectResultExecutor","ActionId":"7a011497-c802-48ba-94da-278cfc05a0d0","ActionName":"AutoSalon.Api.Controllers.CarController.GetAll (AutoSalon.Api)","RequestId":"0HN26GR4V3923:00000001","RequestPath":"/api/Car/GetAll","ConnectionId":"0HN26GR4V3923"}
{"@t":"2024-03-17T13:33:21.4550693Z","@mt":"Executed action {ActionName} in {ElapsedMilliseconds}ms","@tr":"875955d7828e7d0a7342666beb425475","@sp":"aeda2b75143ccb37","ActionName":"AutoSalon.Api.Controllers.CarController.GetAll (AutoSalon.Api)","ElapsedMilliseconds":1835.567,"EventId":{"Id":105,"Name":"ActionExecuted"},"SourceContext":"Microsoft.AspNetCore.Mvc.Infrastructure.ControllerActionInvoker","RequestId":"0HN26GR4V3923:00000001","RequestPath":"/api/Car/GetAll","ConnectionId":"0HN26GR4V3923"}
{"@t":"2024-03-17T13:33:21.4553690Z","@mt":"Executed endpoint '{EndpointName}'","@tr":"875955d7828e7d0a7342666beb425475","@sp":"aeda2b75143ccb37","EndpointName":"AutoSalon.Api.Controllers.CarController.GetAll (AutoSalon.Api)","EventId":{"Id":1,"Name":"ExecutedEndpoint"},"SourceContext":"Microsoft.AspNetCore.Routing.EndpointMiddleware","RequestId":"0HN26GR4V3923:00000001","RequestPath":"/api/Car/GetAll","ConnectionId":"0HN26GR4V3923"}
{"@t":"2024-03-17T13:33:21.4717120Z","@mt":"Request finished {Protocol} {Method} {Scheme}://{Host}{PathBase}{Path}{QueryString} - {StatusCode} {ContentLength} {ContentType} {ElapsedMilliseconds}ms","@tr":"875955d7828e7d0a7342666beb425475","@sp":"aeda2b75143ccb37","ElapsedMilliseconds":1895.176,"StatusCode":200,"ContentType":"application/json; charset=utf-8","ContentLength":null,"Protocol":"HTTP/2","Method":"GET","Scheme":"https","Host":"localhost:7016","PathBase":"","Path":"/api/Car/GetAll","QueryString":"","EventId":{"Id":2},"SourceContext":"Microsoft.AspNetCore.Hosting.Diagnostics","RequestId":"0HN26GR4V3923:00000001","RequestPath":"/api/Car/GetAll","ConnectionId":"0HN26GR4V3923"}
{"@t":"2024-03-17T13:33:38.3898169Z","@mt":"Application is shutting down...","SourceContext":"Microsoft.Hosting.Lifetime"}
